[1.449s] Invoking command in '/home/agustifelo/universidad_agusti/tercero/proyecto/sprint_2/ej_gazebo/gazebo_turtelbot': PYTHONPATH=/home/agustifelo/universidad_agusti/tercero/proyecto/sprint_2/ej_gazebo/build/gazebo_turtelbot/prefix_override:/usr/lib/python3/dist-packages/colcon_core/task/python/colcon_distutils_commands:/home/agustifelo/universidad_agusti/tercero/proyecto/sprint_2/ej_gazebo/install/gazebo_turtelbot/lib/python3.8/site-packages:${PYTHONPATH} /usr/bin/python3 -W ignore:setup.py install is deprecated -W ignore:easy_install command is deprecated setup.py egg_info --egg-base ../build/gazebo_turtelbot build --build-base /home/agustifelo/universidad_agusti/tercero/proyecto/sprint_2/ej_gazebo/build/gazebo_turtelbot/build install --record /home/agustifelo/universidad_agusti/tercero/proyecto/sprint_2/ej_gazebo/build/gazebo_turtelbot/install.log --install-scripts $base/lib/gazebo_turtelbot --single-version-externally-managed install_data
[1.755s] running egg_info
[1.756s] creating ../build/gazebo_turtelbot/gazebo_turtelbot.egg-info
[1.756s] writing ../build/gazebo_turtelbot/gazebo_turtelbot.egg-info/PKG-INFO
[1.756s] writing dependency_links to ../build/gazebo_turtelbot/gazebo_turtelbot.egg-info/dependency_links.txt
[1.757s] writing entry points to ../build/gazebo_turtelbot/gazebo_turtelbot.egg-info/entry_points.txt
[1.757s] writing requirements to ../build/gazebo_turtelbot/gazebo_turtelbot.egg-info/requires.txt
[1.757s] writing top-level names to ../build/gazebo_turtelbot/gazebo_turtelbot.egg-info/top_level.txt
[1.763s] writing manifest file '../build/gazebo_turtelbot/gazebo_turtelbot.egg-info/SOURCES.txt'
[1.811s] reading manifest file '../build/gazebo_turtelbot/gazebo_turtelbot.egg-info/SOURCES.txt'
[1.812s] writing manifest file '../build/gazebo_turtelbot/gazebo_turtelbot.egg-info/SOURCES.txt'
[1.813s] running build
[1.813s] running build_py
[1.813s] creating /home/agustifelo/universidad_agusti/tercero/proyecto/sprint_2/ej_gazebo/build/gazebo_turtelbot/build
[1.813s] creating /home/agustifelo/universidad_agusti/tercero/proyecto/sprint_2/ej_gazebo/build/gazebo_turtelbot/build/lib
[1.813s] creating /home/agustifelo/universidad_agusti/tercero/proyecto/sprint_2/ej_gazebo/build/gazebo_turtelbot/build/lib/gazebo_turtelbot
[1.814s] copying gazebo_turtelbot/draw_number.py -> /home/agustifelo/universidad_agusti/tercero/proyecto/sprint_2/ej_gazebo/build/gazebo_turtelbot/build/lib/gazebo_turtelbot
[1.814s] copying gazebo_turtelbot/__init__.py -> /home/agustifelo/universidad_agusti/tercero/proyecto/sprint_2/ej_gazebo/build/gazebo_turtelbot/build/lib/gazebo_turtelbot
[1.814s] running install
[1.815s] running install_lib
[1.816s] creating /home/agustifelo/universidad_agusti/tercero/proyecto/sprint_2/ej_gazebo/install/gazebo_turtelbot/lib/python3.8/site-packages/gazebo_turtelbot
[1.816s] copying /home/agustifelo/universidad_agusti/tercero/proyecto/sprint_2/ej_gazebo/build/gazebo_turtelbot/build/lib/gazebo_turtelbot/draw_number.py -> /home/agustifelo/universidad_agusti/tercero/proyecto/sprint_2/ej_gazebo/install/gazebo_turtelbot/lib/python3.8/site-packages/gazebo_turtelbot
[1.816s] copying /home/agustifelo/universidad_agusti/tercero/proyecto/sprint_2/ej_gazebo/build/gazebo_turtelbot/build/lib/gazebo_turtelbot/__init__.py -> /home/agustifelo/universidad_agusti/tercero/proyecto/sprint_2/ej_gazebo/install/gazebo_turtelbot/lib/python3.8/site-packages/gazebo_turtelbot
[1.817s] byte-compiling /home/agustifelo/universidad_agusti/tercero/proyecto/sprint_2/ej_gazebo/install/gazebo_turtelbot/lib/python3.8/site-packages/gazebo_turtelbot/draw_number.py to draw_number.cpython-38.pyc
[1.820s] byte-compiling /home/agustifelo/universidad_agusti/tercero/proyecto/sprint_2/ej_gazebo/install/gazebo_turtelbot/lib/python3.8/site-packages/gazebo_turtelbot/__init__.py to __init__.cpython-38.pyc
[1.821s] running install_data
[1.822s] creating /home/agustifelo/universidad_agusti/tercero/proyecto/sprint_2/ej_gazebo/install/gazebo_turtelbot/share/ament_index
[1.822s] creating /home/agustifelo/universidad_agusti/tercero/proyecto/sprint_2/ej_gazebo/install/gazebo_turtelbot/share/ament_index/resource_index
[1.822s] creating /home/agustifelo/universidad_agusti/tercero/proyecto/sprint_2/ej_gazebo/install/gazebo_turtelbot/share/ament_index/resource_index/packages
[1.823s] copying resource/gazebo_turtelbot -> /home/agustifelo/universidad_agusti/tercero/proyecto/sprint_2/ej_gazebo/install/gazebo_turtelbot/share/ament_index/resource_index/packages
[1.823s] copying package.xml -> /home/agustifelo/universidad_agusti/tercero/proyecto/sprint_2/ej_gazebo/install/gazebo_turtelbot/share/gazebo_turtelbot
[1.823s] running install_egg_info
[1.825s] Copying ../build/gazebo_turtelbot/gazebo_turtelbot.egg-info to /home/agustifelo/universidad_agusti/tercero/proyecto/sprint_2/ej_gazebo/install/gazebo_turtelbot/lib/python3.8/site-packages/gazebo_turtelbot-0.0.0-py3.8.egg-info
[1.826s] running install_scripts
[1.861s] Installing draw_number script to /home/agustifelo/universidad_agusti/tercero/proyecto/sprint_2/ej_gazebo/install/gazebo_turtelbot/lib/gazebo_turtelbot
[1.862s] writing list of installed files to '/home/agustifelo/universidad_agusti/tercero/proyecto/sprint_2/ej_gazebo/build/gazebo_turtelbot/install.log'
[1.894s] Invoked command in '/home/agustifelo/universidad_agusti/tercero/proyecto/sprint_2/ej_gazebo/gazebo_turtelbot' returned '0': PYTHONPATH=/home/agustifelo/universidad_agusti/tercero/proyecto/sprint_2/ej_gazebo/build/gazebo_turtelbot/prefix_override:/usr/lib/python3/dist-packages/colcon_core/task/python/colcon_distutils_commands:/home/agustifelo/universidad_agusti/tercero/proyecto/sprint_2/ej_gazebo/install/gazebo_turtelbot/lib/python3.8/site-packages:${PYTHONPATH} /usr/bin/python3 -W ignore:setup.py install is deprecated -W ignore:easy_install command is deprecated setup.py egg_info --egg-base ../build/gazebo_turtelbot build --build-base /home/agustifelo/universidad_agusti/tercero/proyecto/sprint_2/ej_gazebo/build/gazebo_turtelbot/build install --record /home/agustifelo/universidad_agusti/tercero/proyecto/sprint_2/ej_gazebo/build/gazebo_turtelbot/install.log --install-scripts $base/lib/gazebo_turtelbot --single-version-externally-managed install_data
