running egg_info
writing ../build/gazebo_turtelbot/gazebo_turtelbot.egg-info/PKG-INFO
writing dependency_links to ../build/gazebo_turtelbot/gazebo_turtelbot.egg-info/dependency_links.txt
writing entry points to ../build/gazebo_turtelbot/gazebo_turtelbot.egg-info/entry_points.txt
writing requirements to ../build/gazebo_turtelbot/gazebo_turtelbot.egg-info/requires.txt
writing top-level names to ../build/gazebo_turtelbot/gazebo_turtelbot.egg-info/top_level.txt
reading manifest file '../build/gazebo_turtelbot/gazebo_turtelbot.egg-info/SOURCES.txt'
writing manifest file '../build/gazebo_turtelbot/gazebo_turtelbot.egg-info/SOURCES.txt'
running build
running build_py
copying gazebo_turtelbot/draw_number.py -> /home/agustifelo/universidad_agusti/tercero/proyecto/sprint_2/ej_gazebo/build/gazebo_turtelbot/build/lib/gazebo_turtelbot
running install
running install_lib
copying /home/agustifelo/universidad_agusti/tercero/proyecto/sprint_2/ej_gazebo/build/gazebo_turtelbot/build/lib/gazebo_turtelbot/draw_number.py -> /home/agustifelo/universidad_agusti/tercero/proyecto/sprint_2/ej_gazebo/install/gazebo_turtelbot/lib/python3.8/site-packages/gazebo_turtelbot
byte-compiling /home/agustifelo/universidad_agusti/tercero/proyecto/sprint_2/ej_gazebo/install/gazebo_turtelbot/lib/python3.8/site-packages/gazebo_turtelbot/draw_number.py to draw_number.cpython-38.pyc
running install_data
running install_egg_info
removing '/home/agustifelo/universidad_agusti/tercero/proyecto/sprint_2/ej_gazebo/install/gazebo_turtelbot/lib/python3.8/site-packages/gazebo_turtelbot-0.0.0-py3.8.egg-info' (and everything under it)
Copying ../build/gazebo_turtelbot/gazebo_turtelbot.egg-info to /home/agustifelo/universidad_agusti/tercero/proyecto/sprint_2/ej_gazebo/install/gazebo_turtelbot/lib/python3.8/site-packages/gazebo_turtelbot-0.0.0-py3.8.egg-info
running install_scripts
Installing draw_number script to /home/agustifelo/universidad_agusti/tercero/proyecto/sprint_2/ej_gazebo/install/gazebo_turtelbot/lib/gazebo_turtelbot
writing list of installed files to '/home/agustifelo/universidad_agusti/tercero/proyecto/sprint_2/ej_gazebo/build/gazebo_turtelbot/install.log'
