[1.199s] Invoking command in '/home/agustifelo/universidad_agusti/tercero/proyecto/sprint_2/ej_gazebo/gazebo_turtelbot': PYTHONPATH=/home/agustifelo/universidad_agusti/tercero/proyecto/sprint_2/ej_gazebo/build/gazebo_turtelbot/prefix_override:/usr/lib/python3/dist-packages/colcon_core/task/python/colcon_distutils_commands:/home/agustifelo/universidad_agusti/tercero/proyecto/sprint_2/ej_gazebo/install/gazebo_turtelbot/lib/python3.8/site-packages:${PYTHONPATH} /usr/bin/python3 -W ignore:setup.py install is deprecated -W ignore:easy_install command is deprecated setup.py egg_info --egg-base ../build/gazebo_turtelbot build --build-base /home/agustifelo/universidad_agusti/tercero/proyecto/sprint_2/ej_gazebo/build/gazebo_turtelbot/build install --record /home/agustifelo/universidad_agusti/tercero/proyecto/sprint_2/ej_gazebo/build/gazebo_turtelbot/install.log --install-scripts $base/lib/gazebo_turtelbot --single-version-externally-managed install_data
[1.583s] running egg_info
[1.584s] writing ../build/gazebo_turtelbot/gazebo_turtelbot.egg-info/PKG-INFO
[1.584s] writing dependency_links to ../build/gazebo_turtelbot/gazebo_turtelbot.egg-info/dependency_links.txt
[1.585s] writing entry points to ../build/gazebo_turtelbot/gazebo_turtelbot.egg-info/entry_points.txt
[1.585s] writing requirements to ../build/gazebo_turtelbot/gazebo_turtelbot.egg-info/requires.txt
[1.585s] writing top-level names to ../build/gazebo_turtelbot/gazebo_turtelbot.egg-info/top_level.txt
[1.641s] reading manifest file '../build/gazebo_turtelbot/gazebo_turtelbot.egg-info/SOURCES.txt'
[1.643s] writing manifest file '../build/gazebo_turtelbot/gazebo_turtelbot.egg-info/SOURCES.txt'
[1.643s] running build
[1.643s] running build_py
[1.643s] copying gazebo_turtelbot/draw_number.py -> /home/agustifelo/universidad_agusti/tercero/proyecto/sprint_2/ej_gazebo/build/gazebo_turtelbot/build/lib/gazebo_turtelbot
[1.644s] running install
[1.647s] running install_lib
[1.650s] copying /home/agustifelo/universidad_agusti/tercero/proyecto/sprint_2/ej_gazebo/build/gazebo_turtelbot/build/lib/gazebo_turtelbot/draw_number.py -> /home/agustifelo/universidad_agusti/tercero/proyecto/sprint_2/ej_gazebo/install/gazebo_turtelbot/lib/python3.8/site-packages/gazebo_turtelbot
[1.651s] byte-compiling /home/agustifelo/universidad_agusti/tercero/proyecto/sprint_2/ej_gazebo/install/gazebo_turtelbot/lib/python3.8/site-packages/gazebo_turtelbot/draw_number.py to draw_number.cpython-38.pyc
[1.654s] running install_data
[1.654s] running install_egg_info
[1.656s] removing '/home/agustifelo/universidad_agusti/tercero/proyecto/sprint_2/ej_gazebo/install/gazebo_turtelbot/lib/python3.8/site-packages/gazebo_turtelbot-0.0.0-py3.8.egg-info' (and everything under it)
[1.657s] Copying ../build/gazebo_turtelbot/gazebo_turtelbot.egg-info to /home/agustifelo/universidad_agusti/tercero/proyecto/sprint_2/ej_gazebo/install/gazebo_turtelbot/lib/python3.8/site-packages/gazebo_turtelbot-0.0.0-py3.8.egg-info
[1.658s] running install_scripts
[1.687s] Installing draw_number script to /home/agustifelo/universidad_agusti/tercero/proyecto/sprint_2/ej_gazebo/install/gazebo_turtelbot/lib/gazebo_turtelbot
[1.688s] writing list of installed files to '/home/agustifelo/universidad_agusti/tercero/proyecto/sprint_2/ej_gazebo/build/gazebo_turtelbot/install.log'
[1.726s] Invoked command in '/home/agustifelo/universidad_agusti/tercero/proyecto/sprint_2/ej_gazebo/gazebo_turtelbot' returned '0': PYTHONPATH=/home/agustifelo/universidad_agusti/tercero/proyecto/sprint_2/ej_gazebo/build/gazebo_turtelbot/prefix_override:/usr/lib/python3/dist-packages/colcon_core/task/python/colcon_distutils_commands:/home/agustifelo/universidad_agusti/tercero/proyecto/sprint_2/ej_gazebo/install/gazebo_turtelbot/lib/python3.8/site-packages:${PYTHONPATH} /usr/bin/python3 -W ignore:setup.py install is deprecated -W ignore:easy_install command is deprecated setup.py egg_info --egg-base ../build/gazebo_turtelbot build --build-base /home/agustifelo/universidad_agusti/tercero/proyecto/sprint_2/ej_gazebo/build/gazebo_turtelbot/build install --record /home/agustifelo/universidad_agusti/tercero/proyecto/sprint_2/ej_gazebo/build/gazebo_turtelbot/install.log --install-scripts $base/lib/gazebo_turtelbot --single-version-externally-managed install_data
