[0.388s] DEBUG:colcon:Command line arguments: ['/usr/bin/colcon', 'build']
[0.389s] DEBUG:colcon:Parsed command line arguments: Namespace(allow_overriding=[], ament_cmake_args=None, base_paths=['.'], build_base='build', catkin_cmake_args=None, catkin_skip_building_tests=False, cmake_args=None, cmake_clean_cache=False, cmake_clean_first=False, cmake_force_configure=False, cmake_target=None, cmake_target_skip_unavailable=False, continue_on_error=False, event_handlers=None, executor='parallel', ignore_user_meta=False, install_base='install', log_base=None, log_level=None, main=<bound method BuildVerb.main of <colcon_core.verb.build.BuildVerb object at 0x7f8f8276daf0>>, merge_install=False, metas=['./colcon.meta'], packages_above=None, packages_above_and_dependencies=None, packages_above_depth=None, packages_end=None, packages_ignore=None, packages_ignore_regex=None, packages_select=None, packages_select_build_failed=False, packages_select_by_dep=None, packages_select_regex=None, packages_select_test_failures=False, packages_skip=None, packages_skip_build_finished=False, packages_skip_by_dep=None, packages_skip_regex=None, packages_skip_test_passed=False, packages_skip_up_to=None, packages_start=None, packages_up_to=None, packages_up_to_regex=None, parallel_workers=4, paths=None, symlink_install=False, test_result_base=None, verb_extension=<colcon_core.verb.build.BuildVerb object at 0x7f8f8276daf0>, verb_name='build', verb_parser=<colcon_defaults.argument_parser.defaults.DefaultArgumentsDecorator object at 0x7f8f8276df40>)
[0.745s] Level 1:colcon.colcon_core.package_discovery:discover_packages(colcon_meta) check parameters
[0.745s] Level 1:colcon.colcon_core.package_discovery:discover_packages(recursive) check parameters
[0.745s] Level 1:colcon.colcon_core.package_discovery:discover_packages(ignore) check parameters
[0.746s] Level 1:colcon.colcon_core.package_discovery:discover_packages(path) check parameters
[0.746s] Level 1:colcon.colcon_core.package_discovery:discover_packages(colcon_meta) discover
[0.746s] Level 1:colcon.colcon_core.package_discovery:discover_packages(recursive) discover
[0.746s] INFO:colcon.colcon_core.package_discovery:Crawling recursively for packages in '/home/agustifelo/universidad_agusti/tercero/proyecto/sprint_1/prii3_ws'
[0.746s] Level 1:colcon.colcon_core.package_identification:_identify(.) by extensions ['ignore', 'ignore_ament_install']
[0.746s] Level 1:colcon.colcon_core.package_identification:_identify(.) by extension 'ignore'
[0.746s] Level 1:colcon.colcon_core.package_identification:_identify(.) by extension 'ignore_ament_install'
[0.746s] Level 1:colcon.colcon_core.package_identification:_identify(.) by extensions ['colcon_pkg']
[0.746s] Level 1:colcon.colcon_core.package_identification:_identify(.) by extension 'colcon_pkg'
[0.746s] Level 1:colcon.colcon_core.package_identification:_identify(.) by extensions ['colcon_meta']
[0.746s] Level 1:colcon.colcon_core.package_identification:_identify(.) by extension 'colcon_meta'
[0.747s] Level 1:colcon.colcon_core.package_identification:_identify(.) by extensions ['ros']
[0.747s] Level 1:colcon.colcon_core.package_identification:_identify(.) by extension 'ros'
[0.772s] Level 1:colcon.colcon_core.package_identification:_identify(.) by extensions ['cmake', 'python']
[0.772s] Level 1:colcon.colcon_core.package_identification:_identify(.) by extension 'cmake'
[0.772s] Level 1:colcon.colcon_core.package_identification:_identify(.) by extension 'python'
[0.772s] Level 1:colcon.colcon_core.package_identification:_identify(.) by extensions ['python_setup_py']
[0.772s] Level 1:colcon.colcon_core.package_identification:_identify(.) by extension 'python_setup_py'
[0.772s] Level 1:colcon.colcon_core.package_identification:_identify(build) by extensions ['ignore', 'ignore_ament_install']
[0.772s] Level 1:colcon.colcon_core.package_identification:_identify(build) by extension 'ignore'
[0.772s] Level 1:colcon.colcon_core.package_identification:_identify(build) ignored
[0.773s] Level 1:colcon.colcon_core.package_identification:_identify(install) by extensions ['ignore', 'ignore_ament_install']
[0.773s] Level 1:colcon.colcon_core.package_identification:_identify(install) by extension 'ignore'
[0.773s] Level 1:colcon.colcon_core.package_identification:_identify(install) ignored
[0.773s] Level 1:colcon.colcon_core.package_identification:_identify(log) by extensions ['ignore', 'ignore_ament_install']
[0.773s] Level 1:colcon.colcon_core.package_identification:_identify(log) by extension 'ignore'
[0.773s] Level 1:colcon.colcon_core.package_identification:_identify(log) ignored
[0.773s] Level 1:colcon.colcon_core.package_identification:_identify(prii3_turtlesim) by extensions ['ignore', 'ignore_ament_install']
[0.773s] Level 1:colcon.colcon_core.package_identification:_identify(prii3_turtlesim) by extension 'ignore'
[0.774s] Level 1:colcon.colcon_core.package_identification:_identify(prii3_turtlesim) by extension 'ignore_ament_install'
[0.774s] Level 1:colcon.colcon_core.package_identification:_identify(prii3_turtlesim) by extensions ['colcon_pkg']
[0.774s] Level 1:colcon.colcon_core.package_identification:_identify(prii3_turtlesim) by extension 'colcon_pkg'
[0.774s] Level 1:colcon.colcon_core.package_identification:_identify(prii3_turtlesim) by extensions ['colcon_meta']
[0.774s] Level 1:colcon.colcon_core.package_identification:_identify(prii3_turtlesim) by extension 'colcon_meta'
[0.774s] Level 1:colcon.colcon_core.package_identification:_identify(prii3_turtlesim) by extensions ['ros']
[0.774s] Level 1:colcon.colcon_core.package_identification:_identify(prii3_turtlesim) by extension 'ros'
[0.782s] DEBUG:colcon.colcon_core.package_identification:Package 'prii3_turtlesim' with type 'ros.ament_python' and name 'prii3_turtlesim'
[0.782s] Level 1:colcon.colcon_core.package_discovery:discover_packages(recursive) using defaults
[0.782s] Level 1:colcon.colcon_core.package_discovery:discover_packages(ignore) discover
[0.782s] Level 1:colcon.colcon_core.package_discovery:discover_packages(ignore) using defaults
[0.782s] Level 1:colcon.colcon_core.package_discovery:discover_packages(path) discover
[0.782s] Level 1:colcon.colcon_core.package_discovery:discover_packages(path) using defaults
[0.829s] Level 1:colcon.colcon_core.package_discovery:discover_packages(prefix_path) check parameters
[0.829s] Level 1:colcon.colcon_core.package_discovery:discover_packages(prefix_path) discover
[0.833s] DEBUG:colcon.colcon_installed_package_information.package_discovery:Found 256 installed packages in /opt/ros/foxy
[0.835s] Level 1:colcon.colcon_core.package_discovery:discover_packages(prefix_path) using defaults
[1.068s] Level 5:colcon.colcon_core.verb:set package 'prii3_turtlesim' build argument 'cmake_args' from command line to 'None'
[1.068s] Level 5:colcon.colcon_core.verb:set package 'prii3_turtlesim' build argument 'cmake_target' from command line to 'None'
[1.068s] Level 5:colcon.colcon_core.verb:set package 'prii3_turtlesim' build argument 'cmake_target_skip_unavailable' from command line to 'False'
[1.068s] Level 5:colcon.colcon_core.verb:set package 'prii3_turtlesim' build argument 'cmake_clean_cache' from command line to 'False'
[1.068s] Level 5:colcon.colcon_core.verb:set package 'prii3_turtlesim' build argument 'cmake_clean_first' from command line to 'False'
[1.068s] Level 5:colcon.colcon_core.verb:set package 'prii3_turtlesim' build argument 'cmake_force_configure' from command line to 'False'
[1.068s] Level 5:colcon.colcon_core.verb:set package 'prii3_turtlesim' build argument 'ament_cmake_args' from command line to 'None'
[1.068s] Level 5:colcon.colcon_core.verb:set package 'prii3_turtlesim' build argument 'catkin_cmake_args' from command line to 'None'
[1.068s] Level 5:colcon.colcon_core.verb:set package 'prii3_turtlesim' build argument 'catkin_skip_building_tests' from command line to 'False'
[1.068s] DEBUG:colcon.colcon_core.verb:Building package 'prii3_turtlesim' with the following arguments: {'ament_cmake_args': None, 'build_base': '/home/agustifelo/universidad_agusti/tercero/proyecto/sprint_1/prii3_ws/build/prii3_turtlesim', 'catkin_cmake_args': None, 'catkin_skip_building_tests': False, 'cmake_args': None, 'cmake_clean_cache': False, 'cmake_clean_first': False, 'cmake_force_configure': False, 'cmake_target': None, 'cmake_target_skip_unavailable': False, 'install_base': '/home/agustifelo/universidad_agusti/tercero/proyecto/sprint_1/prii3_ws/install/prii3_turtlesim', 'merge_install': False, 'path': '/home/agustifelo/universidad_agusti/tercero/proyecto/sprint_1/prii3_ws/prii3_turtlesim', 'symlink_install': False, 'test_result_base': None}
[1.069s] INFO:colcon.colcon_core.executor:Executing jobs using 'parallel' executor
[1.070s] DEBUG:colcon.colcon_parallel_executor.executor.parallel:run_until_complete
[1.070s] INFO:colcon.colcon_ros.task.ament_python.build:Building ROS package in '/home/agustifelo/universidad_agusti/tercero/proyecto/sprint_1/prii3_ws/prii3_turtlesim' with build type 'ament_python'
[1.071s] Level 1:colcon.colcon_core.shell:create_environment_hook('prii3_turtlesim', 'ament_prefix_path')
[1.074s] INFO:colcon.colcon_core.plugin_system:Skipping extension 'colcon_core.shell.bat': Not used on non-Windows systems
[1.074s] INFO:colcon.colcon_core.shell:Creating environment hook '/home/agustifelo/universidad_agusti/tercero/proyecto/sprint_1/prii3_ws/install/prii3_turtlesim/share/prii3_turtlesim/hook/ament_prefix_path.ps1'
[1.075s] INFO:colcon.colcon_core.shell:Creating environment descriptor '/home/agustifelo/universidad_agusti/tercero/proyecto/sprint_1/prii3_ws/install/prii3_turtlesim/share/prii3_turtlesim/hook/ament_prefix_path.dsv'
[1.075s] INFO:colcon.colcon_core.shell:Creating environment hook '/home/agustifelo/universidad_agusti/tercero/proyecto/sprint_1/prii3_ws/install/prii3_turtlesim/share/prii3_turtlesim/hook/ament_prefix_path.sh'
[1.076s] INFO:colcon.colcon_core.shell:Skip shell extension 'powershell' for command environment: Not usable outside of PowerShell
[1.076s] DEBUG:colcon.colcon_core.shell:Skip shell extension 'dsv' for command environment
[1.404s] INFO:colcon.colcon_core.task.python.build:Building Python package in '/home/agustifelo/universidad_agusti/tercero/proyecto/sprint_1/prii3_ws/prii3_turtlesim'
[1.405s] INFO:colcon.colcon_core.shell:Skip shell extension 'powershell' for command environment: Not usable outside of PowerShell
[1.405s] DEBUG:colcon.colcon_core.shell:Skip shell extension 'dsv' for command environment
[2.363s] DEBUG:colcon.colcon_core.event_handler.log_command:Invoking command in '/home/agustifelo/universidad_agusti/tercero/proyecto/sprint_1/prii3_ws/prii3_turtlesim': PYTHONPATH=/home/agustifelo/universidad_agusti/tercero/proyecto/sprint_1/prii3_ws/build/prii3_turtlesim/prefix_override:/usr/lib/python3/dist-packages/colcon_core/task/python/colcon_distutils_commands:/home/agustifelo/universidad_agusti/tercero/proyecto/sprint_1/prii3_ws/install/prii3_turtlesim/lib/python3.8/site-packages:${PYTHONPATH} /usr/bin/python3 -W ignore:setup.py install is deprecated -W ignore:easy_install command is deprecated setup.py egg_info --egg-base ../build/prii3_turtlesim build --build-base /home/agustifelo/universidad_agusti/tercero/proyecto/sprint_1/prii3_ws/build/prii3_turtlesim/build install --record /home/agustifelo/universidad_agusti/tercero/proyecto/sprint_1/prii3_ws/build/prii3_turtlesim/install.log --install-scripts $base/lib/prii3_turtlesim --single-version-externally-managed install_data
[2.792s] DEBUG:colcon.colcon_core.event_handler.log_command:Invoked command in '/home/agustifelo/universidad_agusti/tercero/proyecto/sprint_1/prii3_ws/prii3_turtlesim' returned '0': PYTHONPATH=/home/agustifelo/universidad_agusti/tercero/proyecto/sprint_1/prii3_ws/build/prii3_turtlesim/prefix_override:/usr/lib/python3/dist-packages/colcon_core/task/python/colcon_distutils_commands:/home/agustifelo/universidad_agusti/tercero/proyecto/sprint_1/prii3_ws/install/prii3_turtlesim/lib/python3.8/site-packages:${PYTHONPATH} /usr/bin/python3 -W ignore:setup.py install is deprecated -W ignore:easy_install command is deprecated setup.py egg_info --egg-base ../build/prii3_turtlesim build --build-base /home/agustifelo/universidad_agusti/tercero/proyecto/sprint_1/prii3_ws/build/prii3_turtlesim/build install --record /home/agustifelo/universidad_agusti/tercero/proyecto/sprint_1/prii3_ws/build/prii3_turtlesim/install.log --install-scripts $base/lib/prii3_turtlesim --single-version-externally-managed install_data
[2.795s] Level 1:colcon.colcon_core.environment:checking '/home/agustifelo/universidad_agusti/tercero/proyecto/sprint_1/prii3_ws/install/prii3_turtlesim' for CMake module files
[2.796s] Level 1:colcon.colcon_core.environment:checking '/home/agustifelo/universidad_agusti/tercero/proyecto/sprint_1/prii3_ws/install/prii3_turtlesim' for CMake config files
[2.798s] Level 1:colcon.colcon_core.environment:checking '/home/agustifelo/universidad_agusti/tercero/proyecto/sprint_1/prii3_ws/install/prii3_turtlesim/lib'
[2.798s] Level 1:colcon.colcon_core.environment:checking '/home/agustifelo/universidad_agusti/tercero/proyecto/sprint_1/prii3_ws/install/prii3_turtlesim/bin'
[2.798s] Level 1:colcon.colcon_core.environment:checking '/home/agustifelo/universidad_agusti/tercero/proyecto/sprint_1/prii3_ws/install/prii3_turtlesim/lib/pkgconfig/prii3_turtlesim.pc'
[2.799s] Level 1:colcon.colcon_core.environment:checking '/home/agustifelo/universidad_agusti/tercero/proyecto/sprint_1/prii3_ws/install/prii3_turtlesim/lib/python3.8/site-packages'
[2.799s] Level 1:colcon.colcon_core.shell:create_environment_hook('prii3_turtlesim', 'pythonpath')
[2.800s] INFO:colcon.colcon_core.shell:Creating environment hook '/home/agustifelo/universidad_agusti/tercero/proyecto/sprint_1/prii3_ws/install/prii3_turtlesim/share/prii3_turtlesim/hook/pythonpath.ps1'
[2.800s] INFO:colcon.colcon_core.shell:Creating environment descriptor '/home/agustifelo/universidad_agusti/tercero/proyecto/sprint_1/prii3_ws/install/prii3_turtlesim/share/prii3_turtlesim/hook/pythonpath.dsv'
[2.801s] INFO:colcon.colcon_core.shell:Creating environment hook '/home/agustifelo/universidad_agusti/tercero/proyecto/sprint_1/prii3_ws/install/prii3_turtlesim/share/prii3_turtlesim/hook/pythonpath.sh'
[2.802s] Level 1:colcon.colcon_core.environment:checking '/home/agustifelo/universidad_agusti/tercero/proyecto/sprint_1/prii3_ws/install/prii3_turtlesim/bin'
[2.802s] Level 1:colcon.colcon_core.environment:create_environment_scripts_only(prii3_turtlesim)
[2.803s] INFO:colcon.colcon_core.shell:Creating package script '/home/agustifelo/universidad_agusti/tercero/proyecto/sprint_1/prii3_ws/install/prii3_turtlesim/share/prii3_turtlesim/package.ps1'
[2.804s] INFO:colcon.colcon_core.shell:Creating package descriptor '/home/agustifelo/universidad_agusti/tercero/proyecto/sprint_1/prii3_ws/install/prii3_turtlesim/share/prii3_turtlesim/package.dsv'
[2.805s] INFO:colcon.colcon_core.shell:Creating package script '/home/agustifelo/universidad_agusti/tercero/proyecto/sprint_1/prii3_ws/install/prii3_turtlesim/share/prii3_turtlesim/package.sh'
[2.806s] INFO:colcon.colcon_core.shell:Creating package script '/home/agustifelo/universidad_agusti/tercero/proyecto/sprint_1/prii3_ws/install/prii3_turtlesim/share/prii3_turtlesim/package.bash'
[2.807s] INFO:colcon.colcon_core.shell:Creating package script '/home/agustifelo/universidad_agusti/tercero/proyecto/sprint_1/prii3_ws/install/prii3_turtlesim/share/prii3_turtlesim/package.zsh'
[2.808s] Level 1:colcon.colcon_core.environment:create_file_with_runtime_dependencies(/home/agustifelo/universidad_agusti/tercero/proyecto/sprint_1/prii3_ws/install/prii3_turtlesim/share/colcon-core/packages/prii3_turtlesim)
[2.809s] DEBUG:colcon.colcon_parallel_executor.executor.parallel:closing loop
[2.810s] DEBUG:colcon.colcon_parallel_executor.executor.parallel:loop closed
[2.810s] DEBUG:colcon.colcon_parallel_executor.executor.parallel:run_until_complete finished with '0'
[2.810s] DEBUG:colcon.colcon_core.event_reactor:joining thread
[2.819s] INFO:colcon.colcon_core.plugin_system:Skipping extension 'colcon_notification.desktop_notification.terminal_notifier': Not used on non-Darwin systems
[2.819s] INFO:colcon.colcon_core.plugin_system:Skipping extension 'colcon_notification.desktop_notification.win32': Not used on non-Windows systems
[2.819s] INFO:colcon.colcon_notification.desktop_notification:Sending desktop notification using 'notify2'
[2.855s] DEBUG:colcon.colcon_core.event_reactor:joined thread
[2.856s] INFO:colcon.colcon_core.shell:Creating prefix script '/home/agustifelo/universidad_agusti/tercero/proyecto/sprint_1/prii3_ws/install/local_setup.ps1'
[2.857s] INFO:colcon.colcon_core.shell:Creating prefix util module '/home/agustifelo/universidad_agusti/tercero/proyecto/sprint_1/prii3_ws/install/_local_setup_util_ps1.py'
[2.860s] INFO:colcon.colcon_core.shell:Creating prefix chain script '/home/agustifelo/universidad_agusti/tercero/proyecto/sprint_1/prii3_ws/install/setup.ps1'
[2.862s] INFO:colcon.colcon_core.shell:Creating prefix script '/home/agustifelo/universidad_agusti/tercero/proyecto/sprint_1/prii3_ws/install/local_setup.sh'
[2.863s] INFO:colcon.colcon_core.shell:Creating prefix util module '/home/agustifelo/universidad_agusti/tercero/proyecto/sprint_1/prii3_ws/install/_local_setup_util_sh.py'
[2.864s] INFO:colcon.colcon_core.shell:Creating prefix chain script '/home/agustifelo/universidad_agusti/tercero/proyecto/sprint_1/prii3_ws/install/setup.sh'
[2.868s] INFO:colcon.colcon_core.shell:Creating prefix script '/home/agustifelo/universidad_agusti/tercero/proyecto/sprint_1/prii3_ws/install/local_setup.bash'
[2.869s] INFO:colcon.colcon_core.shell:Creating prefix chain script '/home/agustifelo/universidad_agusti/tercero/proyecto/sprint_1/prii3_ws/install/setup.bash'
[2.870s] INFO:colcon.colcon_core.shell:Creating prefix script '/home/agustifelo/universidad_agusti/tercero/proyecto/sprint_1/prii3_ws/install/local_setup.zsh'
[2.871s] INFO:colcon.colcon_core.shell:Creating prefix chain script '/home/agustifelo/universidad_agusti/tercero/proyecto/sprint_1/prii3_ws/install/setup.zsh'
