[1.116s] Invoking command in '/home/agustifelo/universidad_agusti/tercero/proyecto/sprint_1/prii3_ws/prii3_turtlesim': PYTHONPATH=/home/agustifelo/universidad_agusti/tercero/proyecto/sprint_1/prii3_ws/build/prii3_turtlesim/prefix_override:/usr/lib/python3/dist-packages/colcon_core/task/python/colcon_distutils_commands:/home/agustifelo/universidad_agusti/tercero/proyecto/sprint_1/prii3_ws/install/prii3_turtlesim/lib/python3.8/site-packages:${PYTHONPATH} /usr/bin/python3 -W ignore:setup.py install is deprecated -W ignore:easy_install command is deprecated setup.py egg_info --egg-base ../build/prii3_turtlesim build --build-base /home/agustifelo/universidad_agusti/tercero/proyecto/sprint_1/prii3_ws/build/prii3_turtlesim/build install --record /home/agustifelo/universidad_agusti/tercero/proyecto/sprint_1/prii3_ws/build/prii3_turtlesim/install.log --install-scripts $base/lib/prii3_turtlesim --single-version-externally-managed install_data
[1.396s] running egg_info
[1.397s] writing ../build/prii3_turtlesim/prii3_turtlesim.egg-info/PKG-INFO
[1.397s] writing dependency_links to ../build/prii3_turtlesim/prii3_turtlesim.egg-info/dependency_links.txt
[1.398s] writing entry points to ../build/prii3_turtlesim/prii3_turtlesim.egg-info/entry_points.txt
[1.398s] writing requirements to ../build/prii3_turtlesim/prii3_turtlesim.egg-info/requires.txt
[1.398s] writing top-level names to ../build/prii3_turtlesim/prii3_turtlesim.egg-info/top_level.txt
[1.449s] reading manifest file '../build/prii3_turtlesim/prii3_turtlesim.egg-info/SOURCES.txt'
[1.451s] writing manifest file '../build/prii3_turtlesim/prii3_turtlesim.egg-info/SOURCES.txt'
[1.451s] running build
[1.451s] running build_py
[1.452s] copying prii3_turtlesim/prii3_turtlesim_node.py -> /home/agustifelo/universidad_agusti/tercero/proyecto/sprint_1/prii3_ws/build/prii3_turtlesim/build/lib/prii3_turtlesim
[1.452s] running install
[1.453s] running install_lib
[1.454s] copying /home/agustifelo/universidad_agusti/tercero/proyecto/sprint_1/prii3_ws/build/prii3_turtlesim/build/lib/prii3_turtlesim/prii3_turtlesim_node.py -> /home/agustifelo/universidad_agusti/tercero/proyecto/sprint_1/prii3_ws/install/prii3_turtlesim/lib/python3.8/site-packages/prii3_turtlesim
[1.455s] byte-compiling /home/agustifelo/universidad_agusti/tercero/proyecto/sprint_1/prii3_ws/install/prii3_turtlesim/lib/python3.8/site-packages/prii3_turtlesim/prii3_turtlesim_node.py to prii3_turtlesim_node.cpython-38.pyc
[1.457s] running install_data
[1.458s] running install_egg_info
[1.460s] removing '/home/agustifelo/universidad_agusti/tercero/proyecto/sprint_1/prii3_ws/install/prii3_turtlesim/lib/python3.8/site-packages/prii3_turtlesim-0.0.0-py3.8.egg-info' (and everything under it)
[1.461s] Copying ../build/prii3_turtlesim/prii3_turtlesim.egg-info to /home/agustifelo/universidad_agusti/tercero/proyecto/sprint_1/prii3_ws/install/prii3_turtlesim/lib/python3.8/site-packages/prii3_turtlesim-0.0.0-py3.8.egg-info
[1.462s] running install_scripts
[1.484s] Installing drawer script to /home/agustifelo/universidad_agusti/tercero/proyecto/sprint_1/prii3_ws/install/prii3_turtlesim/lib/prii3_turtlesim
[1.485s] writing list of installed files to '/home/agustifelo/universidad_agusti/tercero/proyecto/sprint_1/prii3_ws/build/prii3_turtlesim/install.log'
[1.518s] Invoked command in '/home/agustifelo/universidad_agusti/tercero/proyecto/sprint_1/prii3_ws/prii3_turtlesim' returned '0': PYTHONPATH=/home/agustifelo/universidad_agusti/tercero/proyecto/sprint_1/prii3_ws/build/prii3_turtlesim/prefix_override:/usr/lib/python3/dist-packages/colcon_core/task/python/colcon_distutils_commands:/home/agustifelo/universidad_agusti/tercero/proyecto/sprint_1/prii3_ws/install/prii3_turtlesim/lib/python3.8/site-packages:${PYTHONPATH} /usr/bin/python3 -W ignore:setup.py install is deprecated -W ignore:easy_install command is deprecated setup.py egg_info --egg-base ../build/prii3_turtlesim build --build-base /home/agustifelo/universidad_agusti/tercero/proyecto/sprint_1/prii3_ws/build/prii3_turtlesim/build install --record /home/agustifelo/universidad_agusti/tercero/proyecto/sprint_1/prii3_ws/build/prii3_turtlesim/install.log --install-scripts $base/lib/prii3_turtlesim --single-version-externally-managed install_data
