running egg_info
writing ../build/prii3_turtlesim/prii3_turtlesim.egg-info/PKG-INFO
writing dependency_links to ../build/prii3_turtlesim/prii3_turtlesim.egg-info/dependency_links.txt
writing entry points to ../build/prii3_turtlesim/prii3_turtlesim.egg-info/entry_points.txt
writing requirements to ../build/prii3_turtlesim/prii3_turtlesim.egg-info/requires.txt
writing top-level names to ../build/prii3_turtlesim/prii3_turtlesim.egg-info/top_level.txt
reading manifest file '../build/prii3_turtlesim/prii3_turtlesim.egg-info/SOURCES.txt'
writing manifest file '../build/prii3_turtlesim/prii3_turtlesim.egg-info/SOURCES.txt'
running build
running build_py
running install
running install_lib
running install_data
copying package.xml -> /home/agustifelo/universidad_agusti/tercero/proyecto/sprint_1/prii3_ws/install/prii3_turtlesim/share/prii3_turtlesim
creating /home/agustifelo/universidad_agusti/tercero/proyecto/sprint_1/prii3_ws/install/prii3_turtlesim/share/prii3_turtlesim/launch
copying launch/turtlesim_launch.py -> /home/agustifelo/universidad_agusti/tercero/proyecto/sprint_1/prii3_ws/install/prii3_turtlesim/share/prii3_turtlesim/launch
running install_egg_info
removing '/home/agustifelo/universidad_agusti/tercero/proyecto/sprint_1/prii3_ws/install/prii3_turtlesim/lib/python3.8/site-packages/prii3_turtlesim-0.0.0-py3.8.egg-info' (and everything under it)
Copying ../build/prii3_turtlesim/prii3_turtlesim.egg-info to /home/agustifelo/universidad_agusti/tercero/proyecto/sprint_1/prii3_ws/install/prii3_turtlesim/lib/python3.8/site-packages/prii3_turtlesim-0.0.0-py3.8.egg-info
running install_scripts
Installing drawer script to /home/agustifelo/universidad_agusti/tercero/proyecto/sprint_1/prii3_ws/install/prii3_turtlesim/lib/prii3_turtlesim
writing list of installed files to '/home/agustifelo/universidad_agusti/tercero/proyecto/sprint_1/prii3_ws/build/prii3_turtlesim/install.log'
