[0.459s] DEBUG:colcon:Command line arguments: ['/usr/bin/colcon', 'build']
[0.459s] DEBUG:colcon:Parsed command line arguments: Namespace(allow_overriding=[], ament_cmake_args=None, base_paths=['.'], build_base='build', catkin_cmake_args=None, catkin_skip_building_tests=False, cmake_args=None, cmake_clean_cache=False, cmake_clean_first=False, cmake_force_configure=False, cmake_target=None, cmake_target_skip_unavailable=False, continue_on_error=False, event_handlers=None, executor='parallel', ignore_user_meta=False, install_base='install', log_base=None, log_level=None, main=<bound method BuildVerb.main of <colcon_core.verb.build.BuildVerb object at 0x7fa4d20c82b0>>, merge_install=False, metas=['./colcon.meta'], packages_above=None, packages_above_and_dependencies=None, packages_above_depth=None, packages_end=None, packages_ignore=None, packages_ignore_regex=None, packages_select=None, packages_select_build_failed=False, packages_select_by_dep=None, packages_select_regex=None, packages_select_test_failures=False, packages_skip=None, packages_skip_build_finished=False, packages_skip_by_dep=None, packages_skip_regex=None, packages_skip_test_passed=False, packages_skip_up_to=None, packages_start=None, packages_up_to=None, packages_up_to_regex=None, parallel_workers=4, paths=None, symlink_install=False, test_result_base=None, verb_extension=<colcon_core.verb.build.BuildVerb object at 0x7fa4d20c82b0>, verb_name='build', verb_parser=<colcon_defaults.argument_parser.defaults.DefaultArgumentsDecorator object at 0x7fa4d20c8700>)
[0.677s] Level 1:colcon.colcon_core.package_discovery:discover_packages(colcon_meta) check parameters
[0.677s] Level 1:colcon.colcon_core.package_discovery:discover_packages(recursive) check parameters
[0.677s] Level 1:colcon.colcon_core.package_discovery:discover_packages(ignore) check parameters
[0.677s] Level 1:colcon.colcon_core.package_discovery:discover_packages(path) check parameters
[0.677s] Level 1:colcon.colcon_core.package_discovery:discover_packages(colcon_meta) discover
[0.677s] Level 1:colcon.colcon_core.package_discovery:discover_packages(recursive) discover
[0.677s] INFO:colcon.colcon_core.package_discovery:Crawling recursively for packages in '/home/agustifelo/universidad_agusti/tercero/proyecto/sprint_2/ej_gazebo'
[0.678s] Level 1:colcon.colcon_core.package_identification:_identify(.) by extensions ['ignore', 'ignore_ament_install']
[0.678s] Level 1:colcon.colcon_core.package_identification:_identify(.) by extension 'ignore'
[0.678s] Level 1:colcon.colcon_core.package_identification:_identify(.) by extension 'ignore_ament_install'
[0.678s] Level 1:colcon.colcon_core.package_identification:_identify(.) by extensions ['colcon_pkg']
[0.678s] Level 1:colcon.colcon_core.package_identification:_identify(.) by extension 'colcon_pkg'
[0.678s] Level 1:colcon.colcon_core.package_identification:_identify(.) by extensions ['colcon_meta']
[0.678s] Level 1:colcon.colcon_core.package_identification:_identify(.) by extension 'colcon_meta'
[0.678s] Level 1:colcon.colcon_core.package_identification:_identify(.) by extensions ['ros']
[0.678s] Level 1:colcon.colcon_core.package_identification:_identify(.) by extension 'ros'
[0.697s] Level 1:colcon.colcon_core.package_identification:_identify(.) by extensions ['cmake', 'python']
[0.697s] Level 1:colcon.colcon_core.package_identification:_identify(.) by extension 'cmake'
[0.697s] Level 1:colcon.colcon_core.package_identification:_identify(.) by extension 'python'
[0.697s] Level 1:colcon.colcon_core.package_identification:_identify(.) by extensions ['python_setup_py']
[0.698s] Level 1:colcon.colcon_core.package_identification:_identify(.) by extension 'python_setup_py'
[0.698s] Level 1:colcon.colcon_core.package_identification:_identify(build) by extensions ['ignore', 'ignore_ament_install']
[0.698s] Level 1:colcon.colcon_core.package_identification:_identify(build) by extension 'ignore'
[0.698s] Level 1:colcon.colcon_core.package_identification:_identify(build) ignored
[0.698s] Level 1:colcon.colcon_core.package_identification:_identify(gazebo_turtelbot) by extensions ['ignore', 'ignore_ament_install']
[0.698s] Level 1:colcon.colcon_core.package_identification:_identify(gazebo_turtelbot) by extension 'ignore'
[0.698s] Level 1:colcon.colcon_core.package_identification:_identify(gazebo_turtelbot) by extension 'ignore_ament_install'
[0.698s] Level 1:colcon.colcon_core.package_identification:_identify(gazebo_turtelbot) by extensions ['colcon_pkg']
[0.699s] Level 1:colcon.colcon_core.package_identification:_identify(gazebo_turtelbot) by extension 'colcon_pkg'
[0.699s] Level 1:colcon.colcon_core.package_identification:_identify(gazebo_turtelbot) by extensions ['colcon_meta']
[0.699s] Level 1:colcon.colcon_core.package_identification:_identify(gazebo_turtelbot) by extension 'colcon_meta'
[0.699s] Level 1:colcon.colcon_core.package_identification:_identify(gazebo_turtelbot) by extensions ['ros']
[0.699s] Level 1:colcon.colcon_core.package_identification:_identify(gazebo_turtelbot) by extension 'ros'
[0.708s] DEBUG:colcon.colcon_core.package_identification:Package 'gazebo_turtelbot' with type 'ros.ament_python' and name 'gazebo_turtelbot'
[0.708s] Level 1:colcon.colcon_core.package_identification:_identify(install) by extensions ['ignore', 'ignore_ament_install']
[0.708s] Level 1:colcon.colcon_core.package_identification:_identify(install) by extension 'ignore'
[0.708s] Level 1:colcon.colcon_core.package_identification:_identify(install) ignored
[0.708s] Level 1:colcon.colcon_core.package_identification:_identify(log) by extensions ['ignore', 'ignore_ament_install']
[0.708s] Level 1:colcon.colcon_core.package_identification:_identify(log) by extension 'ignore'
[0.708s] Level 1:colcon.colcon_core.package_identification:_identify(log) ignored
[0.708s] Level 1:colcon.colcon_core.package_discovery:discover_packages(recursive) using defaults
[0.708s] Level 1:colcon.colcon_core.package_discovery:discover_packages(ignore) discover
[0.709s] Level 1:colcon.colcon_core.package_discovery:discover_packages(ignore) using defaults
[0.709s] Level 1:colcon.colcon_core.package_discovery:discover_packages(path) discover
[0.709s] Level 1:colcon.colcon_core.package_discovery:discover_packages(path) using defaults
[0.731s] Level 1:colcon.colcon_core.package_discovery:discover_packages(prefix_path) check parameters
[0.731s] Level 1:colcon.colcon_core.package_discovery:discover_packages(prefix_path) discover
[0.751s] DEBUG:colcon.colcon_installed_package_information.package_discovery:Found 1 installed packages in /home/agustifelo/universidad_agusti/tercero/proyecto/sprint_1/prii3_ws/install
[0.753s] DEBUG:colcon.colcon_installed_package_information.package_discovery:Found 371 installed packages in /opt/ros/foxy
[0.756s] Level 1:colcon.colcon_core.package_discovery:discover_packages(prefix_path) using defaults
[1.056s] Level 5:colcon.colcon_core.verb:set package 'gazebo_turtelbot' build argument 'cmake_args' from command line to 'None'
[1.056s] Level 5:colcon.colcon_core.verb:set package 'gazebo_turtelbot' build argument 'cmake_target' from command line to 'None'
[1.056s] Level 5:colcon.colcon_core.verb:set package 'gazebo_turtelbot' build argument 'cmake_target_skip_unavailable' from command line to 'False'
[1.056s] Level 5:colcon.colcon_core.verb:set package 'gazebo_turtelbot' build argument 'cmake_clean_cache' from command line to 'False'
[1.056s] Level 5:colcon.colcon_core.verb:set package 'gazebo_turtelbot' build argument 'cmake_clean_first' from command line to 'False'
[1.056s] Level 5:colcon.colcon_core.verb:set package 'gazebo_turtelbot' build argument 'cmake_force_configure' from command line to 'False'
[1.056s] Level 5:colcon.colcon_core.verb:set package 'gazebo_turtelbot' build argument 'ament_cmake_args' from command line to 'None'
[1.056s] Level 5:colcon.colcon_core.verb:set package 'gazebo_turtelbot' build argument 'catkin_cmake_args' from command line to 'None'
[1.056s] Level 5:colcon.colcon_core.verb:set package 'gazebo_turtelbot' build argument 'catkin_skip_building_tests' from command line to 'False'
[1.056s] DEBUG:colcon.colcon_core.verb:Building package 'gazebo_turtelbot' with the following arguments: {'ament_cmake_args': None, 'build_base': '/home/agustifelo/universidad_agusti/tercero/proyecto/sprint_2/ej_gazebo/build/gazebo_turtelbot', 'catkin_cmake_args': None, 'catkin_skip_building_tests': False, 'cmake_args': None, 'cmake_clean_cache': False, 'cmake_clean_first': False, 'cmake_force_configure': False, 'cmake_target': None, 'cmake_target_skip_unavailable': False, 'install_base': '/home/agustifelo/universidad_agusti/tercero/proyecto/sprint_2/ej_gazebo/install/gazebo_turtelbot', 'merge_install': False, 'path': '/home/agustifelo/universidad_agusti/tercero/proyecto/sprint_2/ej_gazebo/gazebo_turtelbot', 'symlink_install': False, 'test_result_base': None}
[1.056s] INFO:colcon.colcon_core.executor:Executing jobs using 'parallel' executor
[1.058s] DEBUG:colcon.colcon_parallel_executor.executor.parallel:run_until_complete
[1.058s] INFO:colcon.colcon_ros.task.ament_python.build:Building ROS package in '/home/agustifelo/universidad_agusti/tercero/proyecto/sprint_2/ej_gazebo/gazebo_turtelbot' with build type 'ament_python'
[1.058s] Level 1:colcon.colcon_core.shell:create_environment_hook('gazebo_turtelbot', 'ament_prefix_path')
[1.081s] INFO:colcon.colcon_core.plugin_system:Skipping extension 'colcon_core.shell.bat': Not used on non-Windows systems
[1.082s] INFO:colcon.colcon_core.shell:Creating environment hook '/home/agustifelo/universidad_agusti/tercero/proyecto/sprint_2/ej_gazebo/install/gazebo_turtelbot/share/gazebo_turtelbot/hook/ament_prefix_path.ps1'
[1.086s] INFO:colcon.colcon_core.shell:Creating environment descriptor '/home/agustifelo/universidad_agusti/tercero/proyecto/sprint_2/ej_gazebo/install/gazebo_turtelbot/share/gazebo_turtelbot/hook/ament_prefix_path.dsv'
[1.090s] INFO:colcon.colcon_core.shell:Creating environment hook '/home/agustifelo/universidad_agusti/tercero/proyecto/sprint_2/ej_gazebo/install/gazebo_turtelbot/share/gazebo_turtelbot/hook/ament_prefix_path.sh'
[1.094s] INFO:colcon.colcon_core.shell:Skip shell extension 'powershell' for command environment: Not usable outside of PowerShell
[1.094s] DEBUG:colcon.colcon_core.shell:Skip shell extension 'dsv' for command environment
[1.445s] INFO:colcon.colcon_core.task.python.build:Building Python package in '/home/agustifelo/universidad_agusti/tercero/proyecto/sprint_2/ej_gazebo/gazebo_turtelbot'
[1.446s] INFO:colcon.colcon_core.shell:Skip shell extension 'powershell' for command environment: Not usable outside of PowerShell
[1.446s] DEBUG:colcon.colcon_core.shell:Skip shell extension 'dsv' for command environment
[2.508s] DEBUG:colcon.colcon_core.event_handler.log_command:Invoking command in '/home/agustifelo/universidad_agusti/tercero/proyecto/sprint_2/ej_gazebo/gazebo_turtelbot': PYTHONPATH=/home/agustifelo/universidad_agusti/tercero/proyecto/sprint_2/ej_gazebo/build/gazebo_turtelbot/prefix_override:/usr/lib/python3/dist-packages/colcon_core/task/python/colcon_distutils_commands:/home/agustifelo/universidad_agusti/tercero/proyecto/sprint_2/ej_gazebo/install/gazebo_turtelbot/lib/python3.8/site-packages:${PYTHONPATH} /usr/bin/python3 -W ignore:setup.py install is deprecated -W ignore:easy_install command is deprecated setup.py egg_info --egg-base ../build/gazebo_turtelbot build --build-base /home/agustifelo/universidad_agusti/tercero/proyecto/sprint_2/ej_gazebo/build/gazebo_turtelbot/build install --record /home/agustifelo/universidad_agusti/tercero/proyecto/sprint_2/ej_gazebo/build/gazebo_turtelbot/install.log --install-scripts $base/lib/gazebo_turtelbot --single-version-externally-managed install_data
[2.952s] DEBUG:colcon.colcon_core.event_handler.log_command:Invoked command in '/home/agustifelo/universidad_agusti/tercero/proyecto/sprint_2/ej_gazebo/gazebo_turtelbot' returned '0': PYTHONPATH=/home/agustifelo/universidad_agusti/tercero/proyecto/sprint_2/ej_gazebo/build/gazebo_turtelbot/prefix_override:/usr/lib/python3/dist-packages/colcon_core/task/python/colcon_distutils_commands:/home/agustifelo/universidad_agusti/tercero/proyecto/sprint_2/ej_gazebo/install/gazebo_turtelbot/lib/python3.8/site-packages:${PYTHONPATH} /usr/bin/python3 -W ignore:setup.py install is deprecated -W ignore:easy_install command is deprecated setup.py egg_info --egg-base ../build/gazebo_turtelbot build --build-base /home/agustifelo/universidad_agusti/tercero/proyecto/sprint_2/ej_gazebo/build/gazebo_turtelbot/build install --record /home/agustifelo/universidad_agusti/tercero/proyecto/sprint_2/ej_gazebo/build/gazebo_turtelbot/install.log --install-scripts $base/lib/gazebo_turtelbot --single-version-externally-managed install_data
[2.977s] Level 1:colcon.colcon_core.environment:checking '/home/agustifelo/universidad_agusti/tercero/proyecto/sprint_2/ej_gazebo/install/gazebo_turtelbot' for CMake module files
[2.977s] Level 1:colcon.colcon_core.environment:checking '/home/agustifelo/universidad_agusti/tercero/proyecto/sprint_2/ej_gazebo/install/gazebo_turtelbot' for CMake config files
[2.978s] Level 1:colcon.colcon_core.environment:checking '/home/agustifelo/universidad_agusti/tercero/proyecto/sprint_2/ej_gazebo/install/gazebo_turtelbot/lib'
[2.979s] Level 1:colcon.colcon_core.environment:checking '/home/agustifelo/universidad_agusti/tercero/proyecto/sprint_2/ej_gazebo/install/gazebo_turtelbot/bin'
[2.979s] Level 1:colcon.colcon_core.environment:checking '/home/agustifelo/universidad_agusti/tercero/proyecto/sprint_2/ej_gazebo/install/gazebo_turtelbot/lib/pkgconfig/gazebo_turtelbot.pc'
[2.979s] Level 1:colcon.colcon_core.environment:checking '/home/agustifelo/universidad_agusti/tercero/proyecto/sprint_2/ej_gazebo/install/gazebo_turtelbot/lib/python3.8/site-packages'
[2.979s] Level 1:colcon.colcon_core.shell:create_environment_hook('gazebo_turtelbot', 'pythonpath')
[2.979s] INFO:colcon.colcon_core.shell:Creating environment hook '/home/agustifelo/universidad_agusti/tercero/proyecto/sprint_2/ej_gazebo/install/gazebo_turtelbot/share/gazebo_turtelbot/hook/pythonpath.ps1'
[2.980s] INFO:colcon.colcon_core.shell:Creating environment descriptor '/home/agustifelo/universidad_agusti/tercero/proyecto/sprint_2/ej_gazebo/install/gazebo_turtelbot/share/gazebo_turtelbot/hook/pythonpath.dsv'
[2.981s] INFO:colcon.colcon_core.shell:Creating environment hook '/home/agustifelo/universidad_agusti/tercero/proyecto/sprint_2/ej_gazebo/install/gazebo_turtelbot/share/gazebo_turtelbot/hook/pythonpath.sh'
[2.981s] Level 1:colcon.colcon_core.environment:checking '/home/agustifelo/universidad_agusti/tercero/proyecto/sprint_2/ej_gazebo/install/gazebo_turtelbot/bin'
[2.981s] Level 1:colcon.colcon_core.environment:create_environment_scripts_only(gazebo_turtelbot)
[2.982s] INFO:colcon.colcon_core.shell:Creating package script '/home/agustifelo/universidad_agusti/tercero/proyecto/sprint_2/ej_gazebo/install/gazebo_turtelbot/share/gazebo_turtelbot/package.ps1'
[2.985s] INFO:colcon.colcon_core.shell:Creating package descriptor '/home/agustifelo/universidad_agusti/tercero/proyecto/sprint_2/ej_gazebo/install/gazebo_turtelbot/share/gazebo_turtelbot/package.dsv'
[2.989s] INFO:colcon.colcon_core.shell:Creating package script '/home/agustifelo/universidad_agusti/tercero/proyecto/sprint_2/ej_gazebo/install/gazebo_turtelbot/share/gazebo_turtelbot/package.sh'
[2.993s] INFO:colcon.colcon_core.shell:Creating package script '/home/agustifelo/universidad_agusti/tercero/proyecto/sprint_2/ej_gazebo/install/gazebo_turtelbot/share/gazebo_turtelbot/package.bash'
[2.997s] INFO:colcon.colcon_core.shell:Creating package script '/home/agustifelo/universidad_agusti/tercero/proyecto/sprint_2/ej_gazebo/install/gazebo_turtelbot/share/gazebo_turtelbot/package.zsh'
[3.001s] Level 1:colcon.colcon_core.environment:create_file_with_runtime_dependencies(/home/agustifelo/universidad_agusti/tercero/proyecto/sprint_2/ej_gazebo/install/gazebo_turtelbot/share/colcon-core/packages/gazebo_turtelbot)
[3.001s] DEBUG:colcon.colcon_parallel_executor.executor.parallel:closing loop
[3.002s] DEBUG:colcon.colcon_parallel_executor.executor.parallel:loop closed
[3.002s] DEBUG:colcon.colcon_parallel_executor.executor.parallel:run_until_complete finished with '0'
[3.002s] DEBUG:colcon.colcon_core.event_reactor:joining thread
[3.027s] INFO:colcon.colcon_core.plugin_system:Skipping extension 'colcon_notification.desktop_notification.terminal_notifier': Not used on non-Darwin systems
[3.027s] INFO:colcon.colcon_core.plugin_system:Skipping extension 'colcon_notification.desktop_notification.win32': Not used on non-Windows systems
[3.027s] INFO:colcon.colcon_notification.desktop_notification:Sending desktop notification using 'notify2'
[3.065s] DEBUG:colcon.colcon_core.event_reactor:joined thread
[3.066s] INFO:colcon.colcon_core.shell:Creating prefix script '/home/agustifelo/universidad_agusti/tercero/proyecto/sprint_2/ej_gazebo/install/local_setup.ps1'
[3.070s] INFO:colcon.colcon_core.shell:Creating prefix util module '/home/agustifelo/universidad_agusti/tercero/proyecto/sprint_2/ej_gazebo/install/_local_setup_util_ps1.py'
[3.075s] INFO:colcon.colcon_core.shell:Creating prefix chain script '/home/agustifelo/universidad_agusti/tercero/proyecto/sprint_2/ej_gazebo/install/setup.ps1'
[3.079s] INFO:colcon.colcon_core.shell:Creating prefix script '/home/agustifelo/universidad_agusti/tercero/proyecto/sprint_2/ej_gazebo/install/local_setup.sh'
[3.082s] INFO:colcon.colcon_core.shell:Creating prefix util module '/home/agustifelo/universidad_agusti/tercero/proyecto/sprint_2/ej_gazebo/install/_local_setup_util_sh.py'
[3.083s] INFO:colcon.colcon_core.shell:Creating prefix chain script '/home/agustifelo/universidad_agusti/tercero/proyecto/sprint_2/ej_gazebo/install/setup.sh'
[3.087s] INFO:colcon.colcon_core.shell:Creating prefix script '/home/agustifelo/universidad_agusti/tercero/proyecto/sprint_2/ej_gazebo/install/local_setup.bash'
[3.090s] INFO:colcon.colcon_core.shell:Creating prefix chain script '/home/agustifelo/universidad_agusti/tercero/proyecto/sprint_2/ej_gazebo/install/setup.bash'
[3.094s] INFO:colcon.colcon_core.shell:Creating prefix script '/home/agustifelo/universidad_agusti/tercero/proyecto/sprint_2/ej_gazebo/install/local_setup.zsh'
[3.097s] INFO:colcon.colcon_core.shell:Creating prefix chain script '/home/agustifelo/universidad_agusti/tercero/proyecto/sprint_2/ej_gazebo/install/setup.zsh'
